<?xml version="1.0" encoding="UTF-8"?>
<testsuite name="org.example.s0128_longest_consecutive_seq.SolutionTest" tests="2" skipped="0" failures="0" errors="0" timestamp="2023-05-14T20:43:11" hostname="pop-os" time="0.021">
  <properties/>
  <testcase name="longestConsecutiveExample1()" classname="org.example.s0128_longest_consecutive_seq.SolutionTest" time="0.019"/>
  <testcase name="longestConsecutiveExample2()" classname="org.example.s0128_longest_consecutive_seq.SolutionTest" time="0.0"/>
  <system-out><![CDATA[]]></system-out>
  <system-err><![CDATA[]]></system-err>
</testsuite>
